current directory: /Users/admin/code/ruby/hackaton/cuatro/gems/json-2.20.0/ext/json/ext/parser
/Users/admin/.rbenv/versions/3.4.1/bin/ruby extconf.rb
checking for rb_enc_interned_str() in ruby/encoding.h... yes
checking for rb_str_to_interned_str() in ruby.h... yes
checking for rb_hash_new_capa() in ruby.h... yes
checking for rb_hash_bulk_insert() in ruby.h... yes
checking for ruby_xfree_sized() in ruby.h... no
checking for __builtin_clzll()... yes
checking for x86intrin.h... no
checking for intrin.h... no
checking for RUBY_TYPED_EMBEDDABLE in ruby.h... yes
checking for whether -std=c99 is accepted as CFLAGS... yes
checking for arm_neon.h... yes
checking for cpuid.h... no
creating Makefile

current directory: /Users/admin/code/ruby/hackaton/cuatro/gems/json-2.20.0/ext/json/ext/parser
make DESTDIR\= sitearchdir\=./.gem.20260707-90692-j4v7mv sitelibdir\=./.gem.20260707-90692-j4v7mv clean

current directory: /Users/admin/code/ruby/hackaton/cuatro/gems/json-2.20.0/ext/json/ext/parser
make DESTDIR\= sitearchdir\=./.gem.20260707-90692-j4v7mv sitelibdir\=./.gem.20260707-90692-j4v7mv
compiling parser.c
linking shared-object json/ext/parser.bundle

current directory: /Users/admin/code/ruby/hackaton/cuatro/gems/json-2.20.0/ext/json/ext/parser
make DESTDIR\= sitearchdir\=./.gem.20260707-90692-j4v7mv sitelibdir\=./.gem.20260707-90692-j4v7mv install
/usr/bin/install -c -m 0755 parser.bundle ./.gem.20260707-90692-j4v7mv/json/ext

current directory: /Users/admin/code/ruby/hackaton/cuatro/gems/json-2.20.0/ext/json/ext/parser
make DESTDIR\= sitearchdir\=./.gem.20260707-90692-j4v7mv sitelibdir\=./.gem.20260707-90692-j4v7mv clean
