current directory: /Users/admin/code/ruby/hackaton/cuatro/gems/io-console-0.8.2/ext/io/console
/Users/admin/.rbenv/versions/3.4.1/bin/ruby extconf.rb
checking for rb_syserr_fail_str(0, Qnil)... yes
checking for rb_interned_str_cstr()... yes
checking for rb_io_path() in ruby/io.h... yes
checking for rb_io_descriptor() in ruby/io.h... yes
checking for rb_io_get_write_io() in ruby/io.h... yes
checking for rb_io_closed_p() in ruby/io.h... yes
checking for rb_io_open_descriptor() in ruby/io.h... yes
checking for rb_ractor_local_storage_value_newkey()... yes
checking for termios.h... yes
checking for cfmakeraw() in termios.h... yes
checking for sys/ioctl.h... yes
checking for HAVE_RUBY_FIBER_SCHEDULER_H... yes
checking for ttyname_r()... yes
creating Makefile

current directory: /Users/admin/code/ruby/hackaton/cuatro/gems/io-console-0.8.2/ext/io/console
make DESTDIR\= sitearchdir\=./.gem.20260707-90692-5krp9i sitelibdir\=./.gem.20260707-90692-5krp9i clean

current directory: /Users/admin/code/ruby/hackaton/cuatro/gems/io-console-0.8.2/ext/io/console
make DESTDIR\= sitearchdir\=./.gem.20260707-90692-5krp9i sitelibdir\=./.gem.20260707-90692-5krp9i
compiling console.c
linking shared-object io/console.bundle

current directory: /Users/admin/code/ruby/hackaton/cuatro/gems/io-console-0.8.2/ext/io/console
make DESTDIR\= sitearchdir\=./.gem.20260707-90692-5krp9i sitelibdir\=./.gem.20260707-90692-5krp9i install
/usr/bin/install -c -m 0755 console.bundle ./.gem.20260707-90692-5krp9i/io

current directory: /Users/admin/code/ruby/hackaton/cuatro/gems/io-console-0.8.2/ext/io/console
make DESTDIR\= sitearchdir\=./.gem.20260707-90692-5krp9i sitelibdir\=./.gem.20260707-90692-5krp9i clean
